[2025-12-31 00:10:00,996: INFO: main: *******************]
[2025-12-31 00:10:00,996: INFO: main: >>>>>> stage Data Ingestion stage started <<<<<<]
[2025-12-31 00:10:00,998: INFO: common: yaml file: config\config.yaml loaded successfully]
[2025-12-31 00:10:01,016: INFO: common: yaml file: params.yaml loaded successfully]
[2025-12-31 00:10:01,018: INFO: common: created directory at: artifacts]
[2025-12-31 00:10:01,020: INFO: common: created directory at: artifacts/data_ingestion]
[2025-12-31 00:10:01,022: INFO: data_ingestion: Downloading data from https://drive.google.com/file/d/1vlhZ5c7abUKF8xXERIw6m9Te8fW7ohw3/view?usp=sharing into file artifacts/data_ingestion/data.zip]
[2025-12-31 00:10:09,471: INFO: data_ingestion: Downloaded data from https://drive.google.com/file/d/1vlhZ5c7abUKF8xXERIw6m9Te8fW7ohw3/view?usp=sharing into file artifacts/data_ingestion/data.zip]
[2025-12-31 00:10:10,275: INFO: main: >>>>>> stage Data Ingestion stage completed <<<<<<

x==========x]
[2025-12-31 00:10:10,276: INFO: main: *******************]
[2025-12-31 00:10:10,276: INFO: main: >>>>>> stage Prepare Base Model started <<<<<<]
[2025-12-31 00:10:10,277: INFO: common: yaml file: config\config.yaml loaded successfully]
[2025-12-31 00:10:10,278: INFO: common: yaml file: params.yaml loaded successfully]
[2025-12-31 00:10:10,279: INFO: common: created directory at: artifacts]
[2025-12-31 00:10:10,280: INFO: common: created directory at: artifacts/prepare_base_model]
[2025-12-31 00:10:17,248: WARNING: saving_api: You are saving your model as an HDF5 file via `model.save()` or `keras.saving.save_model(model)`. This file format is considered legacy. We recommend using instead the native Keras format, e.g. `model.save('my_model.keras')` or `keras.saving.save_model(model, 'my_model.keras')`. ]
[2025-12-31 00:10:17,399: WARNING: saving_api: You are saving your model as an HDF5 file via `model.save()` or `keras.saving.save_model(model)`. This file format is considered legacy. We recommend using instead the native Keras format, e.g. `model.save('my_model.keras')` or `keras.saving.save_model(model, 'my_model.keras')`. ]
[2025-12-31 00:10:17,514: INFO: main: >>>>>> stage Prepare Base Model completed <<<<<<

x==========x]
